{"level":"info","msg":"Logger is defer","time":"2026-04-16T12:32:30+03:00"}
{"level":"info","msg":"Сервер запущен на http://localhost:8080","time":"2026-04-16T12:32:30+03:00"}
{"level":"info","msg":"/: %s/a","time":"2026-04-16T12:32:34+03:00"}
{"level":"info","msg":"/: %s/favicon.ico","time":"2026-04-16T12:32:34+03:00"}
{"level":"info","msg":"Логгер инициализирован: запись идет в файл и консоль","time":"2026-04-16T12:35:16+03:00"}
{"level":"info","msg":"Сервер запущен на http://localhost:8080","time":"2026-04-16T12:35:16+03:00"}
{"level":"info","msg":"OK","time":"2026-04-16T12:37:47+03:00"}
{"level":"info","msg":"Success logger initialization","time":"2026-04-16T12:50:49+03:00"}
{"level":"info","msg":"Сервер запущен на http://localhost:8080","time":"2026-04-16T12:50:49+03:00"}
{"level":"info","msg":"Success logger initialization","time":"2026-04-16T14:59:42+03:00"}
{"level":"info","msg":"Сервер запущен на http://localhost%s","time":"2026-04-16T14:59:42+03:00"}
{"level":"info","msg":"Success logger initialization","time":"2026-04-16T15:02:16+03:00"}
{"level":"warning","msg":"dfkdnfdk","time":"2026-04-16T15:02:16+03:00"}
{"level":"info","msg":"dfkdnfdk","time":"2026-04-16T15:02:16+03:00"}
{"level":"error","msg":"dfkdnfdk","time":"2026-04-16T15:02:16+03:00"}
{"level":"fatal","msg":"dfkdnfdk","time":"2026-04-16T15:02:16+03:00"}
{"level":"panic","msg":"dfkdnfdk","time":"2026-04-16T15:02:16+03:00"}
{"level":"info","msg":"Success logger initialization","time":"2026-04-16T15:02:51+03:00"}
{"level":"debug","msg":"dfkdnfdk","time":"2026-04-16T15:02:51+03:00"}
{"level":"warning","msg":"dfkdnfdk","time":"2026-04-16T15:02:51+03:00"}
{"level":"info","msg":"dfkdnfdk","time":"2026-04-16T15:02:51+03:00"}
{"level":"error","msg":"dfkdnfdk","time":"2026-04-16T15:02:51+03:00"}
{"level":"fatal","msg":"dfkdnfdk","time":"2026-04-16T15:02:51+03:00"}
{"level":"trace","msg":"dfkdnfdk","time":"2026-04-16T15:02:51+03:00"}
{"level":"panic","msg":"dfkdnfdk","time":"2026-04-16T15:02:51+03:00"}
{"level":"info","msg":"Success logger initialization","time":"2026-04-16T15:04:11+03:00"}
{"level":"info","msg":"Сервер запущен на http://localhost%s","time":"2026-04-16T15:04:11+03:00"}
{"level":"info","msg":"Success logger init","time":"2026-04-16T15:05:45+03:00"}
{"level":"info","msg":"Server is running http://localhost","port":":8080","time":"2026-04-16T15:05:46+03:00"}
